<?xml version="1.0" encoding="UTF-8"?>
<!-- Generated by org.testng.reporters.JUnitXMLReporter -->
<testsuite ignored="2" hostname="LAPTOP-V2EFQHVH" failures="1" tests="1" name="TestRunner-firefox(failed)(failed)(failed)(failed)(failed)" time="24.187" errors="0" timestamp="04 May 2024 10:35:19 GMT">
  <testcase classname="com.comcast.crm.contactTest.CreateContactTest" name="createContactWithOrg" time="9.757">
    <failure type="org.openqa.selenium.ElementClickInterceptedException" message="Element &amp;lt;a href=&amp;quot;index.php?module=Contacts&amp;amp;action=index&amp;quot;&amp;gt; is not clickable at point (349,62) because another element &amp;lt;div id=&amp;quot;__vtigerjs_dialogbox_olayer__&amp;quot; class=&amp;quot;small veil&amp;quot;&amp;gt; obscures it
Build info: version: &amp;apos;4.19.1&amp;apos;, revision: &amp;apos;abe0ee07dc&amp;apos;
System info: os.name: &amp;apos;Windows 11&amp;apos;, os.arch: &amp;apos;amd64&amp;apos;, os.version: &amp;apos;10.0&amp;apos;, java.version: &amp;apos;17.0.10&amp;apos;
Driver info: org.openqa.selenium.firefox.FirefoxDriver
Command: [26b88810-33b8-4a3a-a5cb-08440e4e7c82, clickElement {id=24faa1e6-8e5d-4a00-a5c4-50318f9164a4}]
Capabilities {acceptInsecureCerts: true, browserName: firefox, browserVersion: 121.0, moz:accessibilityChecks: false, moz:buildID: 20231211174248, moz:debuggerAddress: 127.0.0.1:35101, moz:geckodriverVersion: 0.34.0, moz:headless: false, moz:platformVersion: 10.0, moz:processID: 40464, moz:profile: C:\Users\Sanpri\AppData\Loc..., moz:shutdownTimeout: 60000, moz:webdriverClick: true, moz:windowless: false, pageLoadStrategy: normal, platformName: windows, proxy: Proxy(), se:cdp: ws://127.0.0.1:35101/devtoo..., se:cdpVersion: 85.0, setWindowRect: true, strictFileInteractability: false, timeouts: {implicit: 0, pageLoad: 300000, script: 30000}, unhandledPromptBehavior: dismiss and notify}
Element: [[FirefoxDriver: firefox on windows (26b88810-33b8-4a3a-a5cb-08440e4e7c82)] -&amp;gt; link text: Contacts]
Session ID: 26b88810-33b8-4a3a-a5cb-08440e4e7c82">
      <![CDATA[org.openqa.selenium.ElementClickInterceptedException: Element <a href="index.php?module=Contacts&action=index"> is not clickable at point (349,62) because another element <div id="__vtigerjs_dialogbox_olayer__" class="small veil"> obscures it
Build info: version: '4.19.1', revision: 'abe0ee07dc'
System info: os.name: 'Windows 11', os.arch: 'amd64', os.version: '10.0', java.version: '17.0.10'
Driver info: org.openqa.selenium.firefox.FirefoxDriver
Command: [26b88810-33b8-4a3a-a5cb-08440e4e7c82, clickElement {id=24faa1e6-8e5d-4a00-a5c4-50318f9164a4}]
Capabilities {acceptInsecureCerts: true, browserName: firefox, browserVersion: 121.0, moz:accessibilityChecks: false, moz:buildID: 20231211174248, moz:debuggerAddress: 127.0.0.1:35101, moz:geckodriverVersion: 0.34.0, moz:headless: false, moz:platformVersion: 10.0, moz:processID: 40464, moz:profile: C:\Users\Sanpri\AppData\Loc..., moz:shutdownTimeout: 60000, moz:webdriverClick: true, moz:windowless: false, pageLoadStrategy: normal, platformName: windows, proxy: Proxy(), se:cdp: ws://127.0.0.1:35101/devtoo..., se:cdpVersion: 85.0, setWindowRect: true, strictFileInteractability: false, timeouts: {implicit: 0, pageLoad: 300000, script: 30000}, unhandledPromptBehavior: dismiss and notify}
Element: [[FirefoxDriver: firefox on windows (26b88810-33b8-4a3a-a5cb-08440e4e7c82)] -> link text: Contacts]
Session ID: 26b88810-33b8-4a3a-a5cb-08440e4e7c82
at org.openqa.selenium.remote.ErrorCodec.decode(ErrorCodec.java:167)
at org.openqa.selenium.remote.codec.w3c.W3CHttpResponseCodec.decode(W3CHttpResponseCodec.java:138)
at org.openqa.selenium.remote.codec.w3c.W3CHttpResponseCodec.decode(W3CHttpResponseCodec.java:50)
at org.openqa.selenium.remote.HttpCommandExecutor.execute(HttpCommandExecutor.java:190)
at org.openqa.selenium.remote.service.DriverCommandExecutor.invokeExecute(DriverCommandExecutor.java:216)
at org.openqa.selenium.remote.service.DriverCommandExecutor.execute(DriverCommandExecutor.java:174)
at org.openqa.selenium.remote.RemoteWebDriver.execute(RemoteWebDriver.java:518)
at org.openqa.selenium.remote.RemoteWebElement.execute(RemoteWebElement.java:223)
at org.openqa.selenium.remote.RemoteWebElement.click(RemoteWebElement.java:76)
at org.openqa.selenium.support.pagefactory.internal.LocatingElementHandler.invoke(LocatingElementHandler.java:51)
at jdk.proxy2/jdk.proxy2.$Proxy18.click(Unknown Source)
at com.comcast.crm.contactTest.CreateContactTest.createContactWithOrg(CreateContactTest.java:69)
at java.base/java.util.concurrent.FutureTask.run(FutureTask.java:264)
at java.base/java.util.concurrent.ThreadPoolExecutor.runWorker(ThreadPoolExecutor.java:1136)
at java.base/java.util.concurrent.ThreadPoolExecutor$Worker.run(ThreadPoolExecutor.java:635)
at java.base/java.lang.Thread.run(Thread.java:842)
... Removed 25 stack frames]]>
    </failure>
  </testcase> <!-- createContactWithOrg -->
  <testcase classname="com.comcast.crm.contactTest.CreateContactTest" name="CreateContactWithSupportDateTest" time="0.0">
    <ignored/>
  </testcase> <!-- CreateContactWithSupportDateTest -->
  <testcase classname="com.comcast.crm.contactTest.CreateContactTest" name="createContTest" time="0.0">
    <ignored/>
  </testcase> <!-- createContTest -->
</testsuite> <!-- TestRunner-firefox(failed)(failed)(failed)(failed)(failed) -->
