<?xml version="1.0" encoding="UTF-8"?>
<!-- Generated by org.testng.reporters.JUnitXMLReporter -->
<testsuite ignored="2" hostname="LAPTOP-V2EFQHVH" failures="0" tests="7" name="TestRunner-firefox" time="208.285" errors="0" timestamp="04 May 2024 10:48:26 GMT">
  <testcase classname="com.comcast.crm.OrgTest.CreateOrganizationTest" name="createOrgTest" time="13.655"/>
  <testcase classname="com.comcast.crm.OrgTest.CreateOrganizationTest" name="createOrgWithContactTest" time="12.069"/>
  <testcase classname="com.comcast.crm.OrgTest.CreateOrganizationTest" name="createOrgWithIndustryTest" time="12.735"/>
  <testcase classname="com.comcast.crm.OrgTest.CreateOrganizationTest" name="deleteOrgTest" time="18.472"/>
  <testcase classname="com.comcast.crm.contactTest.CreateContactTest" name="CreateContactWithSupportDateTest" time="14.801"/>
  <testcase classname="com.comcast.crm.contactTest.CreateContactTest" name="createContTest" time="12.727"/>
  <testcase classname="com.comcast.crm.contactTest.CreateContactTest" name="createContactWithOrg" time="29.376"/>
  <testcase classname="com.comcast.crm.basetest.BaseClass" name="@BeforeSuite configBeforeSuit" time="0.0">
    <ignored/>
  </testcase> <!-- @BeforeSuite configBeforeSuit -->
  <testcase classname="com.comcast.crm.basetest.BaseClass" name="@AfterSuite configAfterSuit" time="0.0">
    <ignored/>
  </testcase> <!-- @AfterSuite configAfterSuit -->
</testsuite> <!-- TestRunner-firefox -->
