<?xml version="1.0" encoding="UTF-8"?>
<!-- Generated by org.testng.reporters.JUnitXMLReporter -->
<testsuite ignored="2" hostname="LAPTOP-V2EFQHVH" failures="0" tests="7" name="TestRunner-chrome" time="198.846" errors="0" timestamp="04 May 2024 10:48:17 GMT">
  <testcase classname="com.comcast.crm.OrgTest.CreateOrganizationTest" name="createOrgTest" time="15.15"/>
  <testcase classname="com.comcast.crm.OrgTest.CreateOrganizationTest" name="createOrgWithContactTest" time="13.714"/>
  <testcase classname="com.comcast.crm.OrgTest.CreateOrganizationTest" name="createOrgWithIndustryTest" time="13.906"/>
  <testcase classname="com.comcast.crm.OrgTest.CreateOrganizationTest" name="deleteOrgTest" time="18.709"/>
  <testcase classname="com.comcast.crm.contactTest.CreateContactTest" name="CreateContactWithSupportDateTest" time="16.394"/>
  <testcase classname="com.comcast.crm.contactTest.CreateContactTest" name="createContTest" time="12.179"/>
  <testcase classname="com.comcast.crm.contactTest.CreateContactTest" name="createContactWithOrg" time="29.858"/>
  <testcase classname="com.comcast.crm.basetest.BaseClass" name="@BeforeSuite configBeforeSuit" time="0.0">
    <ignored/>
  </testcase> <!-- @BeforeSuite configBeforeSuit -->
  <testcase classname="com.comcast.crm.basetest.BaseClass" name="@AfterSuite configAfterSuit" time="0.0">
    <ignored/>
  </testcase> <!-- @AfterSuite configAfterSuit -->
</testsuite> <!-- TestRunner-chrome -->
