<?xml version="1.0" encoding="UTF-8"?>
<!-- Generated by org.testng.reporters.JUnitXMLReporter -->
<testsuite ignored="2" hostname="LAPTOP-V2EFQHVH" failures="0" tests="1" name="Test" time="42.602" errors="0" timestamp="2024-05-15T16:10:46 IST">
  <testcase classname="com.comcast.crm.contactTest.CreateContactTest" name="createContactWithOrg" time="27.616"/>
  <testcase classname="com.comcast.crm.contactTest.CreateContactTest" name="createContTest" time="0.0">
    <ignored/>
  </testcase> <!-- createContTest -->
  <testcase classname="com.comcast.crm.contactTest.CreateContactTest" name="CreateContactWithSupportDateTest" time="0.0">
    <ignored/>
  </testcase> <!-- CreateContactWithSupportDateTest -->
</testsuite> <!-- Test -->
