<?xml version="1.0" encoding="UTF-8"?>
<testng-results ignored="3" total="4" passed="0" failed="1" skipped="0">
  <reporter-output>
  </reporter-output>
  <suite started-at="2024-05-10T16:00:52 IST" name="Default suite" finished-at="2024-05-10T16:01:21 IST" duration-ms="28894">
    <groups>
      <group name="regression">
        <method signature="CreateOrganizationTest.deleteOrgTest()[pri:0, instance:com.comcast.crm.OrgTest.CreateOrganizationTest@47eaca72]" name="deleteOrgTest" class="com.comcast.crm.OrgTest.CreateOrganizationTest"/>
      </group> <!-- regression -->
    </groups>
    <test started-at="2024-05-10T16:00:52 IST" name="Default test" finished-at="2024-05-10T16:01:21 IST" duration-ms="28894">
      <class name="com.comcast.crm.OrgTest.CreateOrganizationTest">
        <test-method is-config="true" signature="configBeforeSuit()[pri:0, instance:com.comcast.crm.OrgTest.CreateOrganizationTest@47eaca72]" started-at="2024-05-10T16:00:52 IST" name="configBeforeSuit" finished-at="2024-05-10T16:00:52 IST" duration-ms="132" status="PASS">
          <reporter-output>
          </reporter-output>
        </test-method> <!-- configBeforeSuit -->
        <test-method is-config="true" signature="configBeforeClass()[pri:0, instance:com.comcast.crm.OrgTest.CreateOrganizationTest@47eaca72]" started-at="2024-05-10T16:00:52 IST" name="configBeforeClass" finished-at="2024-05-10T16:00:54 IST" duration-ms="2255" status="PASS">
          <reporter-output>
          </reporter-output>
        </test-method> <!-- configBeforeClass -->
        <test-method is-config="true" signature="configBeforemethod()[pri:0, instance:com.comcast.crm.OrgTest.CreateOrganizationTest@47eaca72]" started-at="2024-05-10T16:00:54 IST" name="configBeforemethod" finished-at="2024-05-10T16:00:59 IST" duration-ms="4425" status="PASS">
          <reporter-output>
          </reporter-output>
        </test-method> <!-- configBeforemethod -->
        <test-method signature="deleteOrgTest()[pri:0, instance:com.comcast.crm.OrgTest.CreateOrganizationTest@47eaca72]" started-at="2024-05-10T16:00:59 IST" name="deleteOrgTest" finished-at="2024-05-10T16:01:12 IST" duration-ms="13934" status="FAIL">
          <exception class="org.openqa.selenium.JavascriptException">
            <message>
              <![CDATA[javascript error: {"status":32,"value":"Unable to locate an element with the xpath expression //a[text()='Whatsapp_2'/../../td[8]/a[text()='del'] because of the following error:\nSyntaxError: Failed to execute 'evaluate' on 'Document': The string '//a[text()='Whatsapp_2'/../../td[8]/a[text()='del']' is not a valid XPath expression."}
  (Session info: chrome=124.0.6367.201)
Build info: version: '4.11.0', revision: '040bc5406b'
System info: os.name: 'Windows 11', os.arch: 'amd64', os.version: '10.0', java.version: '17.0.10'
Driver info: org.openqa.selenium.chrome.ChromeDriver
Command: [c7fcf19ce8123e2a3a3c5463b41564bf, findElement {using=xpath, value=//a[text()='Whatsapp_2'/../../td[8]/a[text()='del']}]
Capabilities {acceptInsecureCerts: false, browserName: chrome, browserVersion: 124.0.6367.201, chrome: {chromedriverVersion: 124.0.6367.201 (46cf136d27d..., userDataDir: C:\Users\Sanpri\AppData\Loc...}, fedcm:accounts: true, goog:chromeOptions: {debuggerAddress: localhost:59566}, networkConnectionEnabled: false, pageLoadStrategy: normal, platformName: windows, proxy: Proxy(), se:cdp: ws://localhost:59566/devtoo..., se:cdpVersion: 124.0.6367.201, setWindowRect: true, strictFileInteractability: false, timeouts: {implicit: 0, pageLoad: 300000, script: 30000}, unhandledPromptBehavior: dismiss and notify, webauthn:extension:credBlob: true, webauthn:extension:largeBlob: true, webauthn:extension:minPinLength: true, webauthn:extension:prf: true, webauthn:virtualAuthenticators: true}
Session ID: c7fcf19ce8123e2a3a3c5463b41564bf]]>
            </message>
            <full-stacktrace>
              <![CDATA[org.openqa.selenium.JavascriptException: javascript error: {"status":32,"value":"Unable to locate an element with the xpath expression //a[text()='Whatsapp_2'/../../td[8]/a[text()='del'] because of the following error:\nSyntaxError: Failed to execute 'evaluate' on 'Document': The string '//a[text()='Whatsapp_2'/../../td[8]/a[text()='del']' is not a valid XPath expression."}
  (Session info: chrome=124.0.6367.201)
Build info: version: '4.11.0', revision: '040bc5406b'
System info: os.name: 'Windows 11', os.arch: 'amd64', os.version: '10.0', java.version: '17.0.10'
Driver info: org.openqa.selenium.chrome.ChromeDriver
Command: [c7fcf19ce8123e2a3a3c5463b41564bf, findElement {using=xpath, value=//a[text()='Whatsapp_2'/../../td[8]/a[text()='del']}]
Capabilities {acceptInsecureCerts: false, browserName: chrome, browserVersion: 124.0.6367.201, chrome: {chromedriverVersion: 124.0.6367.201 (46cf136d27d..., userDataDir: C:\Users\Sanpri\AppData\Loc...}, fedcm:accounts: true, goog:chromeOptions: {debuggerAddress: localhost:59566}, networkConnectionEnabled: false, pageLoadStrategy: normal, platformName: windows, proxy: Proxy(), se:cdp: ws://localhost:59566/devtoo..., se:cdpVersion: 124.0.6367.201, setWindowRect: true, strictFileInteractability: false, timeouts: {implicit: 0, pageLoad: 300000, script: 30000}, unhandledPromptBehavior: dismiss and notify, webauthn:extension:credBlob: true, webauthn:extension:largeBlob: true, webauthn:extension:minPinLength: true, webauthn:extension:prf: true, webauthn:virtualAuthenticators: true}
Session ID: c7fcf19ce8123e2a3a3c5463b41564bf
at java.base/jdk.internal.reflect.NativeConstructorAccessorImpl.newInstance0(Native Method)
at java.base/jdk.internal.reflect.NativeConstructorAccessorImpl.newInstance(NativeConstructorAccessorImpl.java:77)
at java.base/jdk.internal.reflect.DelegatingConstructorAccessorImpl.newInstance(DelegatingConstructorAccessorImpl.java:45)
at java.base/java.lang.reflect.Constructor.newInstanceWithCaller(Constructor.java:499)
at java.base/java.lang.reflect.Constructor.newInstance(Constructor.java:480)
at org.openqa.selenium.remote.codec.w3c.W3CHttpResponseCodec.createException(W3CHttpResponseCodec.java:200)
at org.openqa.selenium.remote.codec.w3c.W3CHttpResponseCodec.decode(W3CHttpResponseCodec.java:133)
at org.openqa.selenium.remote.codec.w3c.W3CHttpResponseCodec.decode(W3CHttpResponseCodec.java:52)
at org.openqa.selenium.remote.HttpCommandExecutor.execute(HttpCommandExecutor.java:191)
at org.openqa.selenium.remote.service.DriverCommandExecutor.invokeExecute(DriverCommandExecutor.java:196)
at org.openqa.selenium.remote.service.DriverCommandExecutor.execute(DriverCommandExecutor.java:171)
at org.openqa.selenium.remote.RemoteWebDriver.execute(RemoteWebDriver.java:518)
at org.openqa.selenium.remote.ElementLocation$ElementFinder$2.findElement(ElementLocation.java:165)
at org.openqa.selenium.remote.ElementLocation.findElement(ElementLocation.java:59)
at org.openqa.selenium.remote.RemoteWebDriver.findElement(RemoteWebDriver.java:355)
at org.openqa.selenium.remote.RemoteWebDriver.findElement(RemoteWebDriver.java:349)
at com.comcast.crm.OrgTest.CreateOrganizationTest.deleteOrgTest(CreateOrganizationTest.java:156)
at java.base/jdk.internal.reflect.NativeMethodAccessorImpl.invoke0(Native Method)
at java.base/jdk.internal.reflect.NativeMethodAccessorImpl.invoke(NativeMethodAccessorImpl.java:77)
at java.base/jdk.internal.reflect.DelegatingMethodAccessorImpl.invoke(DelegatingMethodAccessorImpl.java:43)
at java.base/java.lang.reflect.Method.invoke(Method.java:568)
at org.testng.internal.MethodInvocationHelper.invokeMethod(MethodInvocationHelper.java:133)
at org.testng.internal.TestInvoker.invokeMethod(TestInvoker.java:598)
at org.testng.internal.TestInvoker.invokeTestMethod(TestInvoker.java:173)
at org.testng.internal.MethodRunner.runInSequence(MethodRunner.java:46)
at org.testng.internal.TestInvoker$MethodInvocationAgent.invoke(TestInvoker.java:824)
at org.testng.internal.TestInvoker.invokeTestMethods(TestInvoker.java:146)
at org.testng.internal.TestMethodWorker.invokeTestMethods(TestMethodWorker.java:146)
at org.testng.internal.TestMethodWorker.run(TestMethodWorker.java:128)
at java.base/java.util.ArrayList.forEach(ArrayList.java:1511)
at org.testng.TestRunner.privateRun(TestRunner.java:794)
at org.testng.TestRunner.run(TestRunner.java:596)
at org.testng.SuiteRunner.runTest(SuiteRunner.java:377)
at org.testng.SuiteRunner.runSequentially(SuiteRunner.java:371)
at org.testng.SuiteRunner.privateRun(SuiteRunner.java:332)
at org.testng.SuiteRunner.run(SuiteRunner.java:276)
at org.testng.SuiteRunnerWorker.runSuite(SuiteRunnerWorker.java:53)
at org.testng.SuiteRunnerWorker.run(SuiteRunnerWorker.java:96)
at org.testng.TestNG.runSuitesSequentially(TestNG.java:1212)
at org.testng.TestNG.runSuitesLocally(TestNG.java:1134)
at org.testng.TestNG.runSuites(TestNG.java:1063)
at org.testng.TestNG.run(TestNG.java:1031)
at org.testng.remote.AbstractRemoteTestNG.run(AbstractRemoteTestNG.java:115)
at org.testng.remote.RemoteTestNG.initAndRun(RemoteTestNG.java:251)
at org.testng.remote.RemoteTestNG.main(RemoteTestNG.java:77)
]]>
            </full-stacktrace>
          </exception> <!-- org.openqa.selenium.JavascriptException -->
          <reporter-output>
          </reporter-output>
        </test-method> <!-- deleteOrgTest -->
        <test-method is-config="true" signature="configAftermethod()[pri:0, instance:com.comcast.crm.OrgTest.CreateOrganizationTest@47eaca72]" started-at="2024-05-10T16:01:13 IST" name="configAftermethod" finished-at="2024-05-10T16:01:20 IST" duration-ms="7811" status="PASS">
          <reporter-output>
          </reporter-output>
        </test-method> <!-- configAftermethod -->
        <test-method is-config="true" signature="configAfterClass()[pri:0, instance:com.comcast.crm.OrgTest.CreateOrganizationTest@47eaca72]" started-at="2024-05-10T16:01:20 IST" name="configAfterClass" finished-at="2024-05-10T16:01:21 IST" duration-ms="315" status="PASS">
          <reporter-output>
          </reporter-output>
        </test-method> <!-- configAfterClass -->
        <test-method is-config="true" signature="configAfterSuit()[pri:0, instance:com.comcast.crm.OrgTest.CreateOrganizationTest@47eaca72]" started-at="2024-05-10T16:01:21 IST" name="configAfterSuit" finished-at="2024-05-10T16:01:21 IST" duration-ms="0" status="PASS">
          <reporter-output>
          </reporter-output>
        </test-method> <!-- configAfterSuit -->
      </class> <!-- com.comcast.crm.OrgTest.CreateOrganizationTest -->
    </test> <!-- Default test -->
  </suite> <!-- Default suite -->
</testng-results>
