<?xml version="1.0" encoding="UTF-8"?>
<testng-results ignored="2" total="3" passed="1" failed="0" skipped="0">
  <reporter-output>
  </reporter-output>
  <suite started-at="2024-05-15T16:10:04 IST" name="Suite" finished-at="2024-05-15T16:10:46 IST" duration-ms="42602">
    <groups>
      <group name="regression">
        <method signature="CreateContactTest.createContactWithOrg()[pri:0, instance:com.comcast.crm.contactTest.CreateContactTest@a1153bc]" name="createContactWithOrg" class="com.comcast.crm.contactTest.CreateContactTest"/>
      </group> <!-- regression -->
    </groups>
    <test started-at="2024-05-15T16:10:04 IST" name="Test" finished-at="2024-05-15T16:10:46 IST" duration-ms="42602">
      <class name="com.comcast.crm.contactTest.CreateContactTest">
        <test-method is-config="true" signature="configBeforeSuit()[pri:0, instance:com.comcast.crm.contactTest.CreateContactTest@a1153bc]" started-at="2024-05-15T16:10:03 IST" name="configBeforeSuit" finished-at="2024-05-15T16:10:04 IST" duration-ms="1135" status="PASS">
          <reporter-output>
          </reporter-output>
        </test-method> <!-- configBeforeSuit -->
        <test-method is-config="true" signature="configBeforeClass()[pri:0, instance:com.comcast.crm.contactTest.CreateContactTest@a1153bc]" started-at="2024-05-15T16:10:04 IST" name="configBeforeClass" finished-at="2024-05-15T16:10:06 IST" duration-ms="2209" status="PASS">
          <reporter-output>
          </reporter-output>
        </test-method> <!-- configBeforeClass -->
        <test-method is-config="true" signature="configBeforemethod()[pri:0, instance:com.comcast.crm.contactTest.CreateContactTest@a1153bc]" started-at="2024-05-15T16:10:06 IST" name="configBeforemethod" finished-at="2024-05-15T16:10:11 IST" duration-ms="4611" status="PASS">
          <reporter-output>
          </reporter-output>
        </test-method> <!-- configBeforemethod -->
        <test-method signature="createContactWithOrg()[pri:0, instance:com.comcast.crm.contactTest.CreateContactTest@a1153bc]" started-at="2024-05-15T16:10:11 IST" name="createContactWithOrg" finished-at="2024-05-15T16:10:38 IST" duration-ms="27616" status="PASS">
          <reporter-output>
          </reporter-output>
        </test-method> <!-- createContactWithOrg -->
        <test-method is-config="true" signature="configAftermethod()[pri:0, instance:com.comcast.crm.contactTest.CreateContactTest@a1153bc]" started-at="2024-05-15T16:10:38 IST" name="configAftermethod" finished-at="2024-05-15T16:10:46 IST" duration-ms="7835" status="PASS">
          <reporter-output>
          </reporter-output>
        </test-method> <!-- configAftermethod -->
        <test-method is-config="true" signature="configAfterClass()[pri:0, instance:com.comcast.crm.contactTest.CreateContactTest@a1153bc]" started-at="2024-05-15T16:10:46 IST" name="configAfterClass" finished-at="2024-05-15T16:10:46 IST" duration-ms="295" status="PASS">
          <reporter-output>
          </reporter-output>
        </test-method> <!-- configAfterClass -->
        <test-method is-config="true" signature="configAfterSuit()[pri:0, instance:com.comcast.crm.contactTest.CreateContactTest@a1153bc]" started-at="2024-05-15T16:10:46 IST" name="configAfterSuit" finished-at="2024-05-15T16:10:46 IST" duration-ms="0" status="PASS">
          <reporter-output>
          </reporter-output>
        </test-method> <!-- configAfterSuit -->
      </class> <!-- com.comcast.crm.contactTest.CreateContactTest -->
    </test> <!-- Test -->
  </suite> <!-- Suite -->
</testng-results>
